<?xml version="1.0" encoding="UTF-8"?>
<!-- Generated by org.testng.reporters.JUnitReportReporter -->
<testsuite hostname="Nishi" failures="0" tests="4" name="manas_project.Class1" time="39.112" errors="0" timestamp="2024-10-13T19:21:23 IST" skipped="0">
  <testcase classname="manas_project.Class1" name="ts1" time="9.714"/>
  <testcase classname="manas_project.Class1" name="ts4" time="10.423"/>
  <testcase classname="manas_project.Class1" name="ts2" time="9.322"/>
  <testcase classname="manas_project.Class1" name="ts3" time="9.653"/>
</testsuite> <!-- manas_project.Class1 -->
