<?xml version="1.0" encoding="UTF-8"?>
<!-- Generated by org.testng.reporters.JUnitReportReporter -->
<testsuite hostname="Nishi" failures="0" tests="8" name="testNG.Annotation" time="0.018" errors="0" timestamp="2024-10-13T17:59:30 IST" skipped="1">
  <testcase classname="testNG.Annotation" name="ts2" time="0.010"/>
  <testcase classname="testNG.Annotation" name="ts2" time="0.001"/>
  <testcase classname="testNG.Annotation" name="ts4" time="0.000"/>
  <testcase classname="testNG.Annotation" name="ts4" time="0.002"/>
  <testcase classname="testNG.Annotation" name="ts4" time="0.001"/>
  <testcase classname="testNG.Annotation" name="ts4" time="0.001"/>
  <testcase classname="testNG.Annotation" name="ts1" time="0.003"/>
  <testcase classname="testNG.Annotation" name="ts3">
    <skipped/>
  </testcase> <!-- ts3 -->
</testsuite> <!-- testNG.Annotation -->
